2017-11-21 21:13:19.830  INFO 1491 --- [main] com.example.DemoApplication              : Starting DemoApplication on Josephs-MacBook-Pro.local with PID 1491 (/Users/josephmarcus/NetBeansProjects/demo-copy/target/classes started by josephmarcus in /Users/josephmarcus/NetBeansProjects/demo-copy)
2017-11-21 21:13:19.833  INFO 1491 --- [main] com.example.DemoApplication              : No active profile set, falling back to default profiles: default
2017-11-21 21:13:20.009  INFO 1491 --- [main] ationConfigEmbeddedWebApplicationContext : Refreshing org.springframework.boot.context.embedded.AnnotationConfigEmbeddedWebApplicationContext@c33b74f: startup date [Tue Nov 21 21:13:20 WAT 2017]; root of context hierarchy
2017-11-21 21:13:21.237  INFO 1491 --- [main] s.b.c.e.t.TomcatEmbeddedServletContainer : Tomcat initialized with port(s): 8080 (http)
2017-11-21 21:13:21.252  INFO 1491 --- [main] o.apache.catalina.core.StandardService   : Starting service Tomcat
2017-11-21 21:13:21.253  INFO 1491 --- [main] org.apache.catalina.core.StandardEngine  : Starting Servlet Engine: Apache Tomcat/8.5.6
2017-11-21 21:13:21.346  INFO 1491 --- [localhost-startStop-1] o.a.c.c.C.[Tomcat].[localhost].[/]       : Initializing Spring embedded WebApplicationContext
2017-11-21 21:13:21.347  INFO 1491 --- [localhost-startStop-1] o.s.web.context.ContextLoader            : Root WebApplicationContext: initialization completed in 1342 ms
2017-11-21 21:13:21.502  INFO 1491 --- [localhost-startStop-1] o.s.b.w.servlet.ServletRegistrationBean  : Mapping servlet: 'dispatcherServlet' to [/]
2017-11-21 21:13:21.506  INFO 1491 --- [localhost-startStop-1] o.s.b.w.servlet.FilterRegistrationBean   : Mapping filter: 'characterEncodingFilter' to: [/*]
2017-11-21 21:13:21.507  INFO 1491 --- [localhost-startStop-1] o.s.b.w.servlet.FilterRegistrationBean   : Mapping filter: 'hiddenHttpMethodFilter' to: [/*]
2017-11-21 21:13:21.507  INFO 1491 --- [localhost-startStop-1] o.s.b.w.servlet.FilterRegistrationBean   : Mapping filter: 'httpPutFormContentFilter' to: [/*]
2017-11-21 21:13:21.507  INFO 1491 --- [localhost-startStop-1] o.s.b.w.servlet.FilterRegistrationBean   : Mapping filter: 'requestContextFilter' to: [/*]
2017-11-21 21:13:21.759  INFO 1491 --- [main] s.w.s.m.m.a.RequestMappingHandlerAdapter : Looking for @ControllerAdvice: org.springframework.boot.context.embedded.AnnotationConfigEmbeddedWebApplicationContext@c33b74f: startup date [Tue Nov 21 21:13:20 WAT 2017]; root of context hierarchy
2017-11-21 21:13:21.820  INFO 1491 --- [main] s.w.s.m.m.a.RequestMappingHandlerMapping : Mapped "{[/],methods=[GET]}" onto public org.springframework.web.servlet.ModelAndView com.example.controller.BallotController.registration()
2017-11-21 21:13:21.824  INFO 1491 --- [main] s.w.s.m.m.a.RequestMappingHandlerMapping : Mapped "{[/],methods=[POST]}" onto public org.springframework.web.servlet.ModelAndView com.example.controller.BallotController.createNewUser(com.example.model.Ballot,org.springframework.validation.BindingResult) throws java.io.IOException
2017-11-21 21:13:21.827  INFO 1491 --- [main] s.w.s.m.m.a.RequestMappingHandlerMapping : Mapped "{[/error]}" onto public org.springframework.http.ResponseEntity<java.util.Map<java.lang.String, java.lang.Object>> org.springframework.boot.autoconfigure.web.BasicErrorController.error(javax.servlet.http.HttpServletRequest)
2017-11-21 21:13:21.827  INFO 1491 --- [main] s.w.s.m.m.a.RequestMappingHandlerMapping : Mapped "{[/error],produces=[text/html]}" onto public org.springframework.web.servlet.ModelAndView org.springframework.boot.autoconfigure.web.BasicErrorController.errorHtml(javax.servlet.http.HttpServletRequest,javax.servlet.http.HttpServletResponse)
2017-11-21 21:13:21.849  INFO 1491 --- [main] o.s.w.s.handler.SimpleUrlHandlerMapping  : Mapped URL path [/webjars/**] onto handler of type [class org.springframework.web.servlet.resource.ResourceHttpRequestHandler]
2017-11-21 21:13:21.849  INFO 1491 --- [main] o.s.w.s.handler.SimpleUrlHandlerMapping  : Mapped URL path [/**] onto handler of type [class org.springframework.web.servlet.resource.ResourceHttpRequestHandler]
2017-11-21 21:13:21.881  INFO 1491 --- [main] o.s.w.s.handler.SimpleUrlHandlerMapping  : Mapped URL path [/**/favicon.ico] onto handler of type [class org.springframework.web.servlet.resource.ResourceHttpRequestHandler]
2017-11-21 21:13:22.358  INFO 1491 --- [main] o.s.j.e.a.AnnotationMBeanExporter        : Registering beans for JMX exposure on startup
2017-11-21 21:13:22.418  INFO 1491 --- [main] s.b.c.e.t.TomcatEmbeddedServletContainer : Tomcat started on port(s): 8080 (http)
2017-11-21 21:13:22.423  INFO 1491 --- [main] com.example.DemoApplication              : Started DemoApplication in 13.341 seconds (JVM running for 13.914)
2017-11-21 21:17:22.984  INFO 1491 --- [http-nio-8080-exec-1] o.a.c.c.C.[Tomcat].[localhost].[/]       : Initializing Spring FrameworkServlet 'dispatcherServlet'
2017-11-21 21:17:22.985  INFO 1491 --- [http-nio-8080-exec-1] o.s.web.servlet.DispatcherServlet        : FrameworkServlet 'dispatcherServlet': initialization started
2017-11-21 21:17:22.999  INFO 1491 --- [http-nio-8080-exec-1] o.s.web.servlet.DispatcherServlet        : FrameworkServlet 'dispatcherServlet': initialization completed in 14 ms
2017-11-21 21:17:23.046  INFO 1491 --- [http-nio-8080-exec-1] com.example.service.BallotService        : techmarcs|April
